{"C:\\Dev\\qwebs\\qwebs-starter-kit-polymer\\services\\user.js":{"path":"C:\\Dev\\qwebs\\qwebs-starter-kit-polymer\\services\\user.js","s":{"1":1,"2":1,"3":1},"b":{},"f":{"1":1,"2":1},"fnMap":{"1":{"name":"(anonymous_1)","line":9,"loc":{"start":{"line":9,"column":15},"end":{"line":9,"column":18}}},"2":{"name":"(anonymous_2)","line":12,"loc":{"start":{"line":12,"column":11},"end":{"line":12,"column":14}}}},"statementMap":{"1":{"start":{"line":13,"column":8},"end":{"line":18,"column":11}},"2":{"start":{"line":14,"column":12},"end":{"line":17,"column":13}},"3":{"start":{"line":22,"column":0},"end":{"line":22,"column":37}}},"branchMap":{}}}